<?xml version="1.0" encoding="UTF-8"?>
<testng-results ignored="0" total="1" passed="1" failed="0" skipped="0">
  <reporter-output>
  </reporter-output>
  <suite started-at="2023-07-06T12:06:06 IST" name="Default suite" finished-at="2023-07-06T12:06:44 IST" duration-ms="38555">
    <groups>
    </groups>
    <test started-at="2023-07-06T12:06:06 IST" name="Default test" finished-at="2023-07-06T12:06:44 IST" duration-ms="38555">
      <class name="Test1.NaveenTest">
        <test-method is-config="true" signature="setup()[pri:0, instance:Test1.NaveenTest@4d9e68d0]" started-at="2023-07-06T12:06:06 IST" name="setup" finished-at="2023-07-06T12:06:16 IST" duration-ms="9919" status="PASS">
          <reporter-output>
          </reporter-output>
        </test-method> <!-- setup -->
        <test-method signature="testing()[pri:0, instance:Test1.NaveenTest@4d9e68d0]" started-at="2023-07-06T12:06:16 IST" name="testing" finished-at="2023-07-06T12:06:44 IST" duration-ms="28536" status="PASS">
          <reporter-output>
          </reporter-output>
        </test-method> <!-- testing -->
      </class> <!-- Test1.NaveenTest -->
    </test> <!-- Default test -->
  </suite> <!-- Default suite -->
</testng-results>
